<?xml version="1.0" encoding="utf-8"?><testsuites><testsuite name="pytest" errors="0" failures="0" skipped="0" tests="22" time="2.920" timestamp="2025-06-09T01:09:07.723237" hostname="Office3_2025"><testcase classname="tests.test_attention_entropy" name="test_attention_entropy_random" file="tests\test_attention_entropy.py" line="8" time="0.004"><system-out>--------------------------------- Captured Log ---------------------------------

--------------------------------- Captured Out ---------------------------------

</system-out><system-err>--------------------------------- Captured Err ---------------------------------

</system-err></testcase><testcase classname="tests.test_attention_entropy" name="test_attention_entropy_zero" file="tests\test_attention_entropy.py" line="4" time="0.000"><system-out>--------------------------------- Captured Log ---------------------------------

--------------------------------- Captured Out ---------------------------------

</system-out><system-err>--------------------------------- Captured Err ---------------------------------

</system-err></testcase><testcase classname="tests.test_attention_integration" name="test_attention_integration" file="tests\test_attention_integration.py" line="5" time="0.009"><system-out>--------------------------------- Captured Log ---------------------------------

--------------------------------- Captured Out ---------------------------------

</system-out><system-err>--------------------------------- Captured Err ---------------------------------

</system-err></testcase><testcase classname="tests.test_attention" name="test_attention_entropy_range" file="tests\test_attention.py" line="4" time="0.001"><system-out>--------------------------------- Captured Log ---------------------------------

--------------------------------- Captured Out ---------------------------------

</system-out><system-err>--------------------------------- Captured Err ---------------------------------

</system-err></testcase><testcase classname="tests.test_backtest" name="test_robust_backtest_simple" file="tests\test_backtest.py" line="44" time="0.008"><system-out>--------------------------------- Captured Log ---------------------------------

--------------------------------- Captured Out ---------------------------------

</system-out><system-err>--------------------------------- Captured Err ---------------------------------

</system-err></testcase><testcase classname="tests.test_dataset" name="test_hourlydataset_basic" file="tests\test_dataset.py" line="85" time="0.002"><system-out>--------------------------------- Captured Log ---------------------------------

--------------------------------- Captured Out ---------------------------------

</system-out><system-err>--------------------------------- Captured Err ---------------------------------

</system-err></testcase><testcase classname="tests.test_dataset" name="test_load_csv_hourly_missing" file="tests\test_dataset.py" line="63" time="0.003"><system-out>--------------------------------- Captured Log ---------------------------------
WARNING  root:dataset.py:51 CSV file 'C:\Users\John\AppData\Local\Temp\pytest-of-John\pytest-4\test_load_csv_hourly_missing0\nope.csv' not found.
--------------------------------- Captured Out ---------------------------------

</system-out><system-err>--------------------------------- Captured Err ---------------------------------

</system-err></testcase><testcase classname="tests.test_dataset" name="test_load_csv_hourly_parse" file="tests\test_dataset.py" line="68" time="0.005"><system-out>--------------------------------- Captured Log ---------------------------------

--------------------------------- Captured Out ---------------------------------

</system-out><system-err>--------------------------------- Captured Err ---------------------------------

</system-err></testcase><testcase classname="tests.test_entropy_logits_vs_probs" name="test_entropy_logits_vs_probs" file="tests\test_entropy_logits_vs_probs.py" line="4" time="0.001"><system-out>--------------------------------- Captured Log ---------------------------------

--------------------------------- Captured Out ---------------------------------

</system-out><system-err>--------------------------------- Captured Err ---------------------------------

</system-err></testcase><testcase classname="tests.test_entropy_range" name="test_entropy_range_logits" file="tests\test_entropy_range.py" line="4" time="0.001"><system-out>--------------------------------- Captured Log ---------------------------------

--------------------------------- Captured Out ---------------------------------

</system-out><system-err>--------------------------------- Captured Err ---------------------------------

</system-err></testcase><testcase classname="tests.test_filters" name="test_reject_if_risky" file="tests\test_filters.py" line="3" time="0.000"><system-out>--------------------------------- Captured Log ---------------------------------

--------------------------------- Captured Out ---------------------------------

</system-out><system-err>--------------------------------- Captured Err ---------------------------------

</system-err></testcase><testcase classname="tests.test_metrics" name="test_compute_days_in_profit" file="tests\test_metrics.py" line="46" time="0.000"><system-out>--------------------------------- Captured Log ---------------------------------

--------------------------------- Captured Out ---------------------------------

</system-out><system-err>--------------------------------- Captured Err ---------------------------------

</system-err></testcase><testcase classname="tests.test_metrics" name="test_compute_yearly_stats_basic" file="tests\test_metrics.py" line="60" time="0.007"><system-out>--------------------------------- Captured Log ---------------------------------

--------------------------------- Captured Out ---------------------------------

</system-out><system-err>--------------------------------- Captured Err ---------------------------------

</system-err></testcase><testcase classname="tests.test_metrics" name="test_inactivity_exponential_penalty" file="tests\test_metrics.py" line="36" time="0.000"><system-out>--------------------------------- Captured Log ---------------------------------

--------------------------------- Captured Out ---------------------------------

</system-out><system-err>--------------------------------- Captured Err ---------------------------------

</system-err></testcase><testcase classname="tests.test_risk_gate_integration" name="test_gate_triggered" file="tests\test_risk_gate_integration.py" line="3" time="0.000"><system-out>--------------------------------- Captured Log ---------------------------------

--------------------------------- Captured Out ---------------------------------

</system-out><system-err>--------------------------------- Captured Err ---------------------------------

</system-err></testcase><testcase classname="tests.test_rl" name="test_apply_action_custom_space" file="tests\test_rl.py" line="108" time="0.610"><system-out>--------------------------------- Captured Log ---------------------------------

--------------------------------- Captured Out ---------------------------------

</system-out><system-err>--------------------------------- Captured Err ---------------------------------

</system-err></testcase><testcase classname="tests.test_rl" name="test_find_nearest_action" file="tests\test_rl.py" line="69" time="0.007"><system-out>--------------------------------- Captured Log ---------------------------------

--------------------------------- Captured Out ---------------------------------

</system-out><system-err>--------------------------------- Captured Err ---------------------------------

</system-err></testcase><testcase classname="tests.test_rl" name="test_no_warnings" file="tests\test_rl.py" line="147" time="0.002"><system-out>--------------------------------- Captured Log ---------------------------------

--------------------------------- Captured Out ---------------------------------

</system-out><system-err>--------------------------------- Captured Err ---------------------------------

</system-err></testcase><testcase classname="tests.test_rl" name="test_pick_action_deterministic" file="tests\test_rl.py" line="77" time="0.007"><system-out>--------------------------------- Captured Log ---------------------------------

--------------------------------- Captured Out ---------------------------------

</system-out><system-err>--------------------------------- Captured Err ---------------------------------

</system-err></testcase><testcase classname="tests.test_scaling" name="test_adaptive_scaler" file="tests\test_scaling.py" line="29" time="0.006"><system-out>--------------------------------- Captured Log ---------------------------------

--------------------------------- Captured Out ---------------------------------

</system-out><system-err>--------------------------------- Captured Err ---------------------------------

</system-err></testcase><testcase classname="tests.test_selection" name="test_choose_best" file="tests\test_selection.py" line="3" time="0.000"><system-out>--------------------------------- Captured Log ---------------------------------

--------------------------------- Captured Out ---------------------------------

</system-out><system-err>--------------------------------- Captured Err ---------------------------------

</system-err></testcase><testcase classname="tests.test_smoke" name="test_end_to_end_smoke" file="tests\test_smoke.py" line="13" time="2.195"><system-out>--------------------------------- Captured Log ---------------------------------
INFO     artibot.model:model.py:78 {'event': 'ATTN_STATS', 'entropy': 3.1696646213531494, 'max_prob': 0.057658206671476364}
INFO     artibot.model:model.py:78 {'event': 'ATTN_STATS', 'entropy': 3.1772820949554443, 'max_prob': 0.05284366384148598}
INFO     artibot.model:model.py:78 {'event': 'ATTN_STATS', 'entropy': 3.1711721420288086, 'max_prob': 0.053613971918821335}
INFO     artibot.model:model.py:78 {'event': 'ATTN_STATS', 'entropy': 3.1787970066070557, 'max_prob': 0.06001913547515869}
INFO     artibot.model:model.py:78 {'event': 'ATTN_STATS', 'entropy': 3.1755001544952393, 'max_prob': 0.0586128830909729}
INFO     artibot.model:model.py:78 {'event': 'ATTN_STATS', 'entropy': 3.1709706783294678, 'max_prob': 0.060856372117996216}
INFO     artibot.model:model.py:78 {'event': 'ATTN_STATS', 'entropy': 3.1714370250701904, 'max_prob': 0.061386819928884506}
INFO     artibot.model:model.py:78 {'event': 'ATTN_STATS', 'entropy': 3.1783416271209717, 'max_prob': 0.06342453509569168}
INFO     artibot.model:model.py:78 {'event': 'ATTN_STATS', 'entropy': 3.1707820892333984, 'max_prob': 0.05693787336349487}
INFO     artibot.model:model.py:78 {'event': 'ATTN_STATS', 'entropy': 3.17724609375, 'max_prob': 0.0593685619533062}
INFO     artibot.model:model.py:78 {'event': 'ATTN_STATS', 'entropy': 3.1707255840301514, 'max_prob': 0.057862356305122375}
INFO     artibot.model:model.py:78 {'event': 'ATTN_STATS', 'entropy': 3.173969030380249, 'max_prob': 0.05714233219623566}
INFO     artibot.model:model.py:78 {'event': 'ATTN_STATS', 'entropy': 3.1679933071136475, 'max_prob': 0.058676861226558685}
INFO     artibot.model:model.py:78 {'event': 'ATTN_STATS', 'entropy': 3.172258138656616, 'max_prob': 0.06281732022762299}
INFO     artibot.model:model.py:78 {'event': 'ATTN_STATS', 'entropy': 3.1738827228546143, 'max_prob': 0.05387308448553085}
INFO     artibot.model:model.py:78 {'event': 'ATTN_STATS', 'entropy': 3.1726577281951904, 'max_prob': 0.055190764367580414}
INFO     artibot.model:model.py:78 {'event': 'ATTN_STATS', 'entropy': 3.1741602420806885, 'max_prob': 0.05759768933057785}
INFO     artibot.model:model.py:78 {'event': 'ATTN_STATS', 'entropy': 3.174001693725586, 'max_prob': 0.05173323675990105}
INFO     artibot.model:model.py:78 {'event': 'ATTN_STATS', 'entropy': 3.1722686290740967, 'max_prob': 0.05298497527837753}
--------------------------------- Captured Out ---------------------------------

</system-out><system-err>--------------------------------- Captured Err ---------------------------------

</system-err></testcase></testsuite></testsuites>