<?xml version="1.0" encoding="utf-8"?><testsuites><testsuite name="pytest" errors="0" failures="0" skipped="0" tests="22" time="3.072" timestamp="2025-06-09T01:22:47.130690" hostname="Office3_2025"><testcase classname="tests.test_attention_entropy" name="test_attention_entropy_random" file="tests\test_attention_entropy.py" line="8" time="0.004"><system-out>--------------------------------- Captured Log ---------------------------------

--------------------------------- Captured Out ---------------------------------

</system-out><system-err>--------------------------------- Captured Err ---------------------------------

</system-err></testcase><testcase classname="tests.test_attention_entropy" name="test_attention_entropy_zero" file="tests\test_attention_entropy.py" line="4" time="0.000"><system-out>--------------------------------- Captured Log ---------------------------------

--------------------------------- Captured Out ---------------------------------

</system-out><system-err>--------------------------------- Captured Err ---------------------------------

</system-err></testcase><testcase classname="tests.test_attention_integration" name="test_attention_integration" file="tests\test_attention_integration.py" line="5" time="0.008"><system-out>--------------------------------- Captured Log ---------------------------------

--------------------------------- Captured Out ---------------------------------

</system-out><system-err>--------------------------------- Captured Err ---------------------------------

</system-err></testcase><testcase classname="tests.test_attention" name="test_attention_entropy_range" file="tests\test_attention.py" line="4" time="0.000"><system-out>--------------------------------- Captured Log ---------------------------------

--------------------------------- Captured Out ---------------------------------

</system-out><system-err>--------------------------------- Captured Err ---------------------------------

</system-err></testcase><testcase classname="tests.test_backtest" name="test_robust_backtest_simple" file="tests\test_backtest.py" line="44" time="0.007"><system-out>--------------------------------- Captured Log ---------------------------------

--------------------------------- Captured Out ---------------------------------

</system-out><system-err>--------------------------------- Captured Err ---------------------------------

</system-err></testcase><testcase classname="tests.test_dataset" name="test_hourlydataset_basic" file="tests\test_dataset.py" line="85" time="0.001"><system-out>--------------------------------- Captured Log ---------------------------------

--------------------------------- Captured Out ---------------------------------

</system-out><system-err>--------------------------------- Captured Err ---------------------------------

</system-err></testcase><testcase classname="tests.test_dataset" name="test_load_csv_hourly_missing" file="tests\test_dataset.py" line="63" time="0.012"><system-out>--------------------------------- Captured Log ---------------------------------
WARNING  root:dataset.py:51 CSV file 'C:\Users\John\AppData\Local\Temp\pytest-of-John\pytest-7\test_load_csv_hourly_missing0\nope.csv' not found.
--------------------------------- Captured Out ---------------------------------

</system-out><system-err>--------------------------------- Captured Err ---------------------------------

</system-err></testcase><testcase classname="tests.test_dataset" name="test_load_csv_hourly_parse" file="tests\test_dataset.py" line="68" time="0.005"><system-out>--------------------------------- Captured Log ---------------------------------

--------------------------------- Captured Out ---------------------------------

</system-out><system-err>--------------------------------- Captured Err ---------------------------------

</system-err></testcase><testcase classname="tests.test_entropy_logits_vs_probs" name="test_entropy_logits_vs_probs" file="tests\test_entropy_logits_vs_probs.py" line="4" time="0.001"><system-out>--------------------------------- Captured Log ---------------------------------

--------------------------------- Captured Out ---------------------------------

</system-out><system-err>--------------------------------- Captured Err ---------------------------------

</system-err></testcase><testcase classname="tests.test_entropy_range" name="test_entropy_range_logits" file="tests\test_entropy_range.py" line="4" time="0.001"><system-out>--------------------------------- Captured Log ---------------------------------

--------------------------------- Captured Out ---------------------------------

</system-out><system-err>--------------------------------- Captured Err ---------------------------------

</system-err></testcase><testcase classname="tests.test_filters" name="test_reject_if_risky" file="tests\test_filters.py" line="3" time="0.000"><system-out>--------------------------------- Captured Log ---------------------------------

--------------------------------- Captured Out ---------------------------------

</system-out><system-err>--------------------------------- Captured Err ---------------------------------

</system-err></testcase><testcase classname="tests.test_metrics" name="test_compute_days_in_profit" file="tests\test_metrics.py" line="46" time="0.000"><system-out>--------------------------------- Captured Log ---------------------------------

--------------------------------- Captured Out ---------------------------------

</system-out><system-err>--------------------------------- Captured Err ---------------------------------

</system-err></testcase><testcase classname="tests.test_metrics" name="test_compute_yearly_stats_basic" file="tests\test_metrics.py" line="60" time="0.006"><system-out>--------------------------------- Captured Log ---------------------------------

--------------------------------- Captured Out ---------------------------------

</system-out><system-err>--------------------------------- Captured Err ---------------------------------

</system-err></testcase><testcase classname="tests.test_metrics" name="test_inactivity_exponential_penalty" file="tests\test_metrics.py" line="36" time="0.000"><system-out>--------------------------------- Captured Log ---------------------------------

--------------------------------- Captured Out ---------------------------------

</system-out><system-err>--------------------------------- Captured Err ---------------------------------

</system-err></testcase><testcase classname="tests.test_risk_gate_integration" name="test_gate_triggered" file="tests\test_risk_gate_integration.py" line="3" time="0.000"><system-out>--------------------------------- Captured Log ---------------------------------

--------------------------------- Captured Out ---------------------------------

</system-out><system-err>--------------------------------- Captured Err ---------------------------------

</system-err></testcase><testcase classname="tests.test_rl" name="test_apply_action_custom_space" file="tests\test_rl.py" line="108" time="0.609"><system-out>--------------------------------- Captured Log ---------------------------------

--------------------------------- Captured Out ---------------------------------

</system-out><system-err>--------------------------------- Captured Err ---------------------------------

</system-err></testcase><testcase classname="tests.test_rl" name="test_find_nearest_action" file="tests\test_rl.py" line="69" time="0.007"><system-out>--------------------------------- Captured Log ---------------------------------

--------------------------------- Captured Out ---------------------------------

</system-out><system-err>--------------------------------- Captured Err ---------------------------------

</system-err></testcase><testcase classname="tests.test_rl" name="test_no_warnings" file="tests\test_rl.py" line="147" time="0.003"><system-out>--------------------------------- Captured Log ---------------------------------

--------------------------------- Captured Out ---------------------------------

</system-out><system-err>--------------------------------- Captured Err ---------------------------------

</system-err></testcase><testcase classname="tests.test_rl" name="test_pick_action_deterministic" file="tests\test_rl.py" line="77" time="0.010"><system-out>--------------------------------- Captured Log ---------------------------------

--------------------------------- Captured Out ---------------------------------

</system-out><system-err>--------------------------------- Captured Err ---------------------------------

</system-err></testcase><testcase classname="tests.test_scaling" name="test_adaptive_scaler" file="tests\test_scaling.py" line="29" time="0.006"><system-out>--------------------------------- Captured Log ---------------------------------

--------------------------------- Captured Out ---------------------------------

</system-out><system-err>--------------------------------- Captured Err ---------------------------------

</system-err></testcase><testcase classname="tests.test_selection" name="test_choose_best" file="tests\test_selection.py" line="3" time="0.000"><system-out>--------------------------------- Captured Log ---------------------------------

--------------------------------- Captured Out ---------------------------------

</system-out><system-err>--------------------------------- Captured Err ---------------------------------

</system-err></testcase><testcase classname="tests.test_smoke" name="test_end_to_end_smoke" file="tests\test_smoke.py" line="13" time="2.339"><system-out>--------------------------------- Captured Log ---------------------------------
INFO     artibot.model:model.py:78 {'event': 'ATTN_STATS', 'entropy': 3.176218271255493, 'max_prob': 0.05511895567178726}
INFO     artibot.model:model.py:78 {'event': 'ATTN_STATS', 'entropy': 3.175962209701538, 'max_prob': 0.056308306753635406}
INFO     artibot.model:model.py:78 {'event': 'ATTN_STATS', 'entropy': 3.1809051036834717, 'max_prob': 0.05111383646726608}
INFO     artibot.model:model.py:78 {'event': 'ATTN_STATS', 'entropy': 3.1753652095794678, 'max_prob': 0.05633099749684334}
INFO     artibot.model:model.py:78 {'event': 'ATTN_STATS', 'entropy': 3.170132875442505, 'max_prob': 0.05406522750854492}
INFO     artibot.model:model.py:78 {'event': 'ATTN_STATS', 'entropy': 3.1676015853881836, 'max_prob': 0.06293408572673798}
INFO     artibot.model:model.py:78 {'event': 'ATTN_STATS', 'entropy': 3.171717643737793, 'max_prob': 0.054703399538993835}
INFO     artibot.model:model.py:78 {'event': 'ATTN_STATS', 'entropy': 3.1688308715820312, 'max_prob': 0.06072648987174034}
INFO     artibot.model:model.py:78 {'event': 'ATTN_STATS', 'entropy': 3.1790645122528076, 'max_prob': 0.057745687663555145}
INFO     artibot.model:model.py:78 {'event': 'ATTN_STATS', 'entropy': 3.1827971935272217, 'max_prob': 0.06301965564489365}
INFO     artibot.model:model.py:78 {'event': 'ATTN_STATS', 'entropy': 3.1693718433380127, 'max_prob': 0.05590612068772316}
INFO     artibot.model:model.py:78 {'event': 'ATTN_STATS', 'entropy': 3.1740827560424805, 'max_prob': 0.05636639893054962}
INFO     artibot.model:model.py:78 {'event': 'ATTN_STATS', 'entropy': 3.1675989627838135, 'max_prob': 0.05925026163458824}
INFO     artibot.model:model.py:78 {'event': 'ATTN_STATS', 'entropy': 3.1746826171875, 'max_prob': 0.06842399388551712}
INFO     artibot.model:model.py:78 {'event': 'ATTN_STATS', 'entropy': 3.17400860786438, 'max_prob': 0.05303066596388817}
INFO     artibot.model:model.py:78 {'event': 'ATTN_STATS', 'entropy': 3.168419599533081, 'max_prob': 0.0583474263548851}
INFO     artibot.model:model.py:78 {'event': 'ATTN_STATS', 'entropy': 3.174269676208496, 'max_prob': 0.05586441978812218}
INFO     artibot.model:model.py:78 {'event': 'ATTN_STATS', 'entropy': 3.1721506118774414, 'max_prob': 0.05513916537165642}
INFO     artibot.model:model.py:78 {'event': 'ATTN_STATS', 'entropy': 3.1775577068328857, 'max_prob': 0.05063112452626228}
--------------------------------- Captured Out ---------------------------------

</system-out><system-err>--------------------------------- Captured Err ---------------------------------

</system-err></testcase></testsuite></testsuites>